1
98
0 43
1 53
2 64
3 52
4 60
5 44
6 63
7 37
8 42
9 35
10 39
11 42
12 35
13 59
14 58
15 34
16 50
17 58
18 40
19 40
20 50
21 57
22 56
23 54
24 57
25 59
26 41
27 35
28 54
29 61
30 42
31 48
32 38
33 34
34 35
35 36
35 82
36 37
36 71
36 87
37 38
37 69
38 39
38 79
38 98
39 40
39 84
39 85
40 41
41 42
42 43
43 44
43 68
43 76
44 45
45 46
46 47
46 70
46 78
46 83
47 48
47 66
48 49
48 67
49 50
50 51
50 75
51 52
51 72
52 53
52 80
53 54
54 55
54 88
55 56
55 77
56 57
56 73
57 58
57 93
58 59
58 89
58 91
59 60
60 61
60 95
61 62
61 74
61 90
61 92
61 97
62 63
63 64
63 81
63 94
64 65
64 86
64 96
