3
80
9 10
10 11
11 12
12 13
13 14
14 15
15 16
16 17
36 37
37 38
38 39
39 40
40 41
41 42
42 43
43 44
63 64
64 65
65 66
66 67
67 68
68 69
69 70
70 71
0 9
9 18
18 27
27 36
36 45
45 54
54 63
63 72
1 10
10 19
28 37
37 46
55 64
64 73
2 11
11 20
29 38
38 47
56 65
65 74
3 12
12 21
30 39
39 48
57 66
66 75
4 13
13 22
31 40
40 49
58 67
67 76
5 14
14 23
32 41
41 50
59 68
68 77
6 15
15 24
33 42
42 51
60 69
69 78
7 16
16 25
34 43
43 52
61 70
70 79
8 17
17 26
35 44
44 53
62 71
71 80
98
0 43
1 53
2 64
3 52
4 60
5 44
6 63
7 37
8 42
9 35
10 39
11 42
12 35
13 59
14 58
15 34
16 50
17 58
18 40
19 40
20 50
21 57
22 56
23 54
24 57
25 59
26 41
27 35
28 54
29 61
30 42
31 48
32 38
33 34
34 35
35 36
35 82
36 37
36 71
36 87
37 38
37 69
38 39
38 79
38 98
39 40
39 84
39 85
40 41
41 42
42 43
43 44
43 68
43 76
44 45
45 46
46 47
46 70
46 78
46 83
47 48
47 66
48 49
48 67
49 50
50 51
50 75
51 52
51 72
52 53
52 80
53 54
54 55
54 88
55 56
55 77
56 57
56 73
57 58
57 93
58 59
58 89
58 91
59 60
60 61
60 95
61 62
61 74
61 90
61 92
61 97
62 63
63 64
63 81
63 94
64 65
64 86
64 96
63
1 3
2 3
3 4
4 5
5 6
2 9
3 10
4 11
6 13
7 8
8 9
11 12
13 14
5 17
9 18
11 20
15 16
16 17
19 20
20 21
15 24
17 26
20 29
22 31
23 24
25 26
26 27
28 29
29 30
30 31
31 32
23 34
26 37
28 39
31 42
33 34
34 35
35 36
37 38
39 40
40 41
34 43
35 44
41 50
44 45
46 47
48 49
49 50
50 51
45 53
47 55
49 56
50 57
52 53
54 55
53 58
55 60
58 59
59 60
59 62
61 62
62 63
62 64